<!DOCTYPE html>
<html>
<head>
<meta http-equiv="Content-Type" content="text/html; charset=utf-8"/>
<meta http-equiv="x-ua-compatible" content="IE=edge"/>
<title>Test results - UtkastRepositoryTest</title>
<link href="../css/base-style.css" rel="stylesheet" type="text/css"/>
<link href="../css/style.css" rel="stylesheet" type="text/css"/>
<script src="../js/report.js" type="text/javascript"></script>
</head>
<body>
<div id="content">
<h1>UtkastRepositoryTest</h1>
<div class="breadcrumbs">
<a href="../index.html">all</a> &gt; 
<a href="../packages/no.nav.tms.utkast.database.html">no.nav.tms.utkast.database</a> &gt; UtkastRepositoryTest</div>
<div id="summary">
<table>
<tr>
<td>
<div class="summaryGroup">
<table>
<tr>
<td>
<div class="infoBox" id="tests">
<div class="counter">1</div>
<p>tests</p>
</div>
</td>
<td>
<div class="infoBox" id="failures">
<div class="counter">1</div>
<p>failures</p>
</div>
</td>
<td>
<div class="infoBox" id="ignored">
<div class="counter">0</div>
<p>ignored</p>
</div>
</td>
<td>
<div class="infoBox" id="duration">
<div class="counter">0s</div>
<p>duration</p>
</div>
</td>
</tr>
</table>
</div>
</td>
<td>
<div class="infoBox failures" id="successRate">
<div class="percent">0%</div>
<p>successful</p>
</div>
</td>
</tr>
</table>
</div>
<div id="tabs">
<ul class="tabLinks">
<li>
<a href="#tab0">Failed tests</a>
</li>
<li>
<a href="#tab1">Tests</a>
</li>
<li>
<a href="#tab2">Standard output</a>
</li>
</ul>
<div id="tab0" class="tab">
<h2>Failed tests</h2>
<div class="test">
<a name="initializationError"></a>
<h3 class="failures">initializationError</h3>
<span class="code">
<pre>org.flywaydb.core.internal.command.DbMigrate$FlywayMigrateException: 
Migration V1.0.0__utkast_baseline.sql failed
--------------------------------------------
SQL State  : 42601
Error Code : 0
Message    : ERROR: syntax error at or near &quot;sistEndret&quot;
  Position: 118
Location   : db/migration/V1.0.0__utkast_baseline.sql (/Users/rannveig/personbruker/tms-utkast/build/resources/main/db/migration/V1.0.0__utkast_baseline.sql)
Line       : 1
Statement  : CREATE TABLE IF NOT EXISTS utkast(
    packet jsonb not null,
    opprettet timestamp without time zone not null
    sistEndret timestamp without time zone,
    slettet timestamp with time zone
)

CREATE INDEX ON utkast ((packet-&gt;'eventId'))
CREATE INDEX ON utkast ((packet-&gt;'fnr'))




	at app//org.flywaydb.core.internal.command.DbMigrate.doMigrateGroup(DbMigrate.java:369)
	at app//org.flywaydb.core.internal.command.DbMigrate.access$200(DbMigrate.java:54)
	at app//org.flywaydb.core.internal.command.DbMigrate$3.call(DbMigrate.java:282)
	at app//org.flywaydb.core.internal.jdbc.TransactionalExecutionTemplate.execute(TransactionalExecutionTemplate.java:66)
	at app//org.flywaydb.core.internal.command.DbMigrate.applyMigrations(DbMigrate.java:279)
	at app//org.flywaydb.core.internal.command.DbMigrate.migrateGroup(DbMigrate.java:244)
	at app//org.flywaydb.core.internal.command.DbMigrate.access$100(DbMigrate.java:54)
	at app//org.flywaydb.core.internal.command.DbMigrate$2.call(DbMigrate.java:162)
	at app//org.flywaydb.core.internal.command.DbMigrate$2.call(DbMigrate.java:159)
	at app//org.flywaydb.core.internal.database.postgresql.PostgreSQLAdvisoryLockTemplate.execute(PostgreSQLAdvisoryLockTemplate.java:71)
	at app//org.flywaydb.core.internal.database.postgresql.PostgreSQLConnection.lock(PostgreSQLConnection.java:99)
	at app//org.flywaydb.core.internal.schemahistory.JdbcTableSchemaHistory.lock(JdbcTableSchemaHistory.java:140)
	at app//org.flywaydb.core.internal.command.DbMigrate.migrateAll(DbMigrate.java:159)
	at app//org.flywaydb.core.internal.command.DbMigrate.migrate(DbMigrate.java:137)
	at app//org.flywaydb.core.Flyway$1.execute(Flyway.java:206)
	at app//org.flywaydb.core.Flyway$1.execute(Flyway.java:158)
	at app//org.flywaydb.core.Flyway.execute(Flyway.java:527)
	at app//org.flywaydb.core.Flyway.migrate(Flyway.java:158)
	at app//LocalPostgresDatabase.migrate(LocalPostgresDatabase.kt:52)
	at app//LocalPostgresDatabase.access$migrate(LocalPostgresDatabase.kt:8)
	at app//LocalPostgresDatabase$Companion$instance$2.invoke(LocalPostgresDatabase.kt:16)
	at app//LocalPostgresDatabase$Companion$instance$2.invoke(LocalPostgresDatabase.kt:14)
	at app//kotlin.SynchronizedLazyImpl.getValue(LazyJVM.kt:74)
	at app//LocalPostgresDatabase$Companion.getInstance(LocalPostgresDatabase.kt:14)
	at app//LocalPostgresDatabase$Companion.cleanDb(LocalPostgresDatabase.kt:21)
	at app//no.nav.tms.utkast.database.UtkastRepositoryTest.&lt;init&gt;(UtkastRepositoryTest.kt:11)
	at java.base@17.0.1/jdk.internal.reflect.NativeConstructorAccessorImpl.newInstance0(Native Method)
	at java.base@17.0.1/jdk.internal.reflect.NativeConstructorAccessorImpl.newInstance(NativeConstructorAccessorImpl.java:77)
	at java.base@17.0.1/jdk.internal.reflect.DelegatingConstructorAccessorImpl.newInstance(DelegatingConstructorAccessorImpl.java:45)
	at java.base@17.0.1/java.lang.reflect.Constructor.newInstanceWithCaller(Constructor.java:499)
	at java.base@17.0.1/java.lang.reflect.Constructor.newInstance(Constructor.java:480)
	at app//org.junit.platform.commons.util.ReflectionUtils.newInstance(ReflectionUtils.java:511)
	at app//org.junit.jupiter.engine.execution.ConstructorInvocation.proceed(ConstructorInvocation.java:56)
	at app//org.junit.jupiter.engine.execution.InvocationInterceptorChain$ValidatingInvocation.proceed(InvocationInterceptorChain.java:131)
	at app//org.junit.jupiter.api.extension.InvocationInterceptor.interceptTestClassConstructor(InvocationInterceptor.java:72)
	at app//org.junit.jupiter.engine.execution.ExecutableInvoker.lambda$invoke$0(ExecutableInvoker.java:105)
	at app//org.junit.jupiter.engine.execution.InvocationInterceptorChain$InterceptedInvocation.proceed(InvocationInterceptorChain.java:106)
	at app//org.junit.jupiter.engine.execution.InvocationInterceptorChain.proceed(InvocationInterceptorChain.java:64)
	at app//org.junit.jupiter.engine.execution.InvocationInterceptorChain.chainAndInvoke(InvocationInterceptorChain.java:45)
	at app//org.junit.jupiter.engine.execution.InvocationInterceptorChain.invoke(InvocationInterceptorChain.java:37)
	at app//org.junit.jupiter.engine.execution.ExecutableInvoker.invoke(ExecutableInvoker.java:104)
	at app//org.junit.jupiter.engine.execution.ExecutableInvoker.invoke(ExecutableInvoker.java:77)
	at app//org.junit.jupiter.engine.descriptor.ClassBasedTestDescriptor.invokeTestClassConstructor(ClassBasedTestDescriptor.java:333)
	at app//org.junit.jupiter.engine.descriptor.ClassBasedTestDescriptor.instantiateTestClass(ClassBasedTestDescriptor.java:280)
	at app//org.junit.jupiter.engine.descriptor.ClassTestDescriptor.instantiateTestClass(ClassTestDescriptor.java:77)
	at app//org.junit.jupiter.engine.descriptor.ClassBasedTestDescriptor.instantiateAndPostProcessTestInstance(ClassBasedTestDescriptor.java:262)
	at app//org.junit.jupiter.engine.descriptor.ClassBasedTestDescriptor.lambda$testInstancesProvider$2(ClassBasedTestDescriptor.java:256)
	at java.base@17.0.1/java.util.Optional.orElseGet(Optional.java:364)
	at app//org.junit.jupiter.engine.descriptor.ClassBasedTestDescriptor.lambda$testInstancesProvider$3(ClassBasedTestDescriptor.java:255)
	at app//org.junit.jupiter.engine.execution.TestInstancesProvider.getTestInstances(TestInstancesProvider.java:29)
	at app//org.junit.jupiter.engine.descriptor.ClassBasedTestDescriptor.lambda$before$0(ClassBasedTestDescriptor.java:184)
	at app//org.junit.platform.engine.support.hierarchical.ThrowableCollector.execute(ThrowableCollector.java:73)
	at app//org.junit.jupiter.engine.descriptor.ClassBasedTestDescriptor.before(ClassBasedTestDescriptor.java:183)
	at app//org.junit.jupiter.engine.descriptor.ClassBasedTestDescriptor.before(ClassBasedTestDescriptor.java:78)
	at app//org.junit.platform.engine.support.hierarchical.NodeTestTask.lambda$executeRecursively$5(NodeTestTask.java:132)
	at app//org.junit.platform.engine.support.hierarchical.ThrowableCollector.execute(ThrowableCollector.java:73)
	at app//org.junit.platform.engine.support.hierarchical.NodeTestTask.lambda$executeRecursively$7(NodeTestTask.java:125)
	at app//org.junit.platform.engine.support.hierarchical.Node.around(Node.java:135)
	at app//org.junit.platform.engine.support.hierarchical.NodeTestTask.lambda$executeRecursively$8(NodeTestTask.java:123)
	at app//org.junit.platform.engine.support.hierarchical.ThrowableCollector.execute(ThrowableCollector.java:73)
	at app//org.junit.platform.engine.support.hierarchical.NodeTestTask.executeRecursively(NodeTestTask.java:122)
	at app//org.junit.platform.engine.support.hierarchical.NodeTestTask.execute(NodeTestTask.java:80)
	at java.base@17.0.1/java.util.ArrayList.forEach(ArrayList.java:1511)
	at app//org.junit.platform.engine.support.hierarchical.SameThreadHierarchicalTestExecutorService.invokeAll(SameThreadHierarchicalTestExecutorService.java:38)
	at app//org.junit.platform.engine.support.hierarchical.NodeTestTask.lambda$executeRecursively$5(NodeTestTask.java:139)
	at app//org.junit.platform.engine.support.hierarchical.ThrowableCollector.execute(ThrowableCollector.java:73)
	at app//org.junit.platform.engine.support.hierarchical.NodeTestTask.lambda$executeRecursively$7(NodeTestTask.java:125)
	at app//org.junit.platform.engine.support.hierarchical.Node.around(Node.java:135)
	at app//org.junit.platform.engine.support.hierarchical.NodeTestTask.lambda$executeRecursively$8(NodeTestTask.java:123)
	at app//org.junit.platform.engine.support.hierarchical.ThrowableCollector.execute(ThrowableCollector.java:73)
	at app//org.junit.platform.engine.support.hierarchical.NodeTestTask.executeRecursively(NodeTestTask.java:122)
	at app//org.junit.platform.engine.support.hierarchical.NodeTestTask.execute(NodeTestTask.java:80)
	at app//org.junit.platform.engine.support.hierarchical.SameThreadHierarchicalTestExecutorService.submit(SameThreadHierarchicalTestExecutorService.java:32)
	at app//org.junit.platform.engine.support.hierarchical.HierarchicalTestExecutor.execute(HierarchicalTestExecutor.java:57)
	at app//org.junit.platform.engine.support.hierarchical.HierarchicalTestEngine.execute(HierarchicalTestEngine.java:51)
	at app//org.junit.platform.launcher.core.DefaultLauncher.execute(DefaultLauncher.java:248)
	at app//org.junit.platform.launcher.core.DefaultLauncher.lambda$execute$5(DefaultLauncher.java:211)
	at app//org.junit.platform.launcher.core.DefaultLauncher.withInterceptedStreams(DefaultLauncher.java:226)
	at app//org.junit.platform.launcher.core.DefaultLauncher.execute(DefaultLauncher.java:199)
	at app//org.junit.platform.launcher.core.DefaultLauncher.execute(DefaultLauncher.java:132)
	at org.gradle.api.internal.tasks.testing.junitplatform.JUnitPlatformTestClassProcessor$CollectAllTestClassesExecutor.processAllTestClasses(JUnitPlatformTestClassProcessor.java:99)
	at org.gradle.api.internal.tasks.testing.junitplatform.JUnitPlatformTestClassProcessor$CollectAllTestClassesExecutor.access$000(JUnitPlatformTestClassProcessor.java:79)
	at org.gradle.api.internal.tasks.testing.junitplatform.JUnitPlatformTestClassProcessor.stop(JUnitPlatformTestClassProcessor.java:75)
	at org.gradle.api.internal.tasks.testing.SuiteTestClassProcessor.stop(SuiteTestClassProcessor.java:61)
	at java.base@17.0.1/jdk.internal.reflect.NativeMethodAccessorImpl.invoke0(Native Method)
	at java.base@17.0.1/jdk.internal.reflect.NativeMethodAccessorImpl.invoke(NativeMethodAccessorImpl.java:77)
	at java.base@17.0.1/jdk.internal.reflect.DelegatingMethodAccessorImpl.invoke(DelegatingMethodAccessorImpl.java:43)
	at java.base@17.0.1/java.lang.reflect.Method.invoke(Method.java:568)
	at org.gradle.internal.dispatch.ReflectionDispatch.dispatch(ReflectionDispatch.java:36)
	at org.gradle.internal.dispatch.ReflectionDispatch.dispatch(ReflectionDispatch.java:24)
	at org.gradle.internal.dispatch.ContextClassLoaderDispatch.dispatch(ContextClassLoaderDispatch.java:33)
	at org.gradle.internal.dispatch.ProxyDispatchAdapter$DispatchingInvocationHandler.invoke(ProxyDispatchAdapter.java:94)
	at jdk.proxy1/jdk.proxy1.$Proxy2.stop(Unknown Source)
	at org.gradle.api.internal.tasks.testing.worker.TestWorker$3.run(TestWorker.java:193)
	at org.gradle.api.internal.tasks.testing.worker.TestWorker.executeAndMaintainThreadName(TestWorker.java:129)
	at org.gradle.api.internal.tasks.testing.worker.TestWorker.execute(TestWorker.java:100)
	at org.gradle.api.internal.tasks.testing.worker.TestWorker.execute(TestWorker.java:60)
	at org.gradle.process.internal.worker.child.ActionExecutionWorker.execute(ActionExecutionWorker.java:56)
	at org.gradle.process.internal.worker.child.SystemApplicationClassLoaderWorker.call(SystemApplicationClassLoaderWorker.java:133)
	at org.gradle.process.internal.worker.child.SystemApplicationClassLoaderWorker.call(SystemApplicationClassLoaderWorker.java:71)
	at app//worker.org.gradle.process.internal.worker.GradleWorkerMain.run(GradleWorkerMain.java:69)
	at app//worker.org.gradle.process.internal.worker.GradleWorkerMain.main(GradleWorkerMain.java:74)
Caused by: org.flywaydb.core.internal.sqlscript.FlywaySqlScriptException: 
Migration V1.0.0__utkast_baseline.sql failed
--------------------------------------------
SQL State  : 42601
Error Code : 0
Message    : ERROR: syntax error at or near &quot;sistEndret&quot;
  Position: 118
Location   : db/migration/V1.0.0__utkast_baseline.sql (/Users/rannveig/personbruker/tms-utkast/build/resources/main/db/migration/V1.0.0__utkast_baseline.sql)
Line       : 1
Statement  : CREATE TABLE IF NOT EXISTS utkast(
    packet jsonb not null,
    opprettet timestamp without time zone not null
    sistEndret timestamp without time zone,
    slettet timestamp with time zone
)

CREATE INDEX ON utkast ((packet-&gt;'eventId'))
CREATE INDEX ON utkast ((packet-&gt;'fnr'))




	at app//org.flywaydb.core.internal.sqlscript.DefaultSqlScriptExecutor.handleException(DefaultSqlScriptExecutor.java:274)
	at app//org.flywaydb.core.internal.sqlscript.DefaultSqlScriptExecutor.executeStatement(DefaultSqlScriptExecutor.java:219)
	at app//org.flywaydb.core.internal.sqlscript.DefaultSqlScriptExecutor.execute(DefaultSqlScriptExecutor.java:127)
	at app//org.flywaydb.core.internal.resolver.sql.SqlMigrationExecutor.executeOnce(SqlMigrationExecutor.java:88)
	at app//org.flywaydb.core.internal.resolver.sql.SqlMigrationExecutor.access$000(SqlMigrationExecutor.java:33)
	at app//org.flywaydb.core.internal.resolver.sql.SqlMigrationExecutor$1.call(SqlMigrationExecutor.java:77)
	at app//org.flywaydb.core.internal.resolver.sql.SqlMigrationExecutor$1.call(SqlMigrationExecutor.java:74)
	at app//org.flywaydb.core.internal.database.DefaultExecutionStrategy.execute(DefaultExecutionStrategy.java:28)
	at app//org.flywaydb.core.internal.resolver.sql.SqlMigrationExecutor.execute(SqlMigrationExecutor.java:74)
	at app//org.flywaydb.core.internal.command.DbMigrate.doMigrateGroup(DbMigrate.java:366)
	... 101 more
Caused by: org.postgresql.util.PSQLException: ERROR: syntax error at or near &quot;sistEndret&quot;
  Position: 118
	at app//org.postgresql.core.v3.QueryExecutorImpl.receiveErrorResponse(QueryExecutorImpl.java:2676)
	at app//org.postgresql.core.v3.QueryExecutorImpl.processResults(QueryExecutorImpl.java:2366)
	at app//org.postgresql.core.v3.QueryExecutorImpl.execute(QueryExecutorImpl.java:356)
	at app//org.postgresql.jdbc.PgStatement.executeInternal(PgStatement.java:490)
	at app//org.postgresql.jdbc.PgStatement.execute(PgStatement.java:408)
	at app//org.postgresql.jdbc.PgStatement.executeWithFlags(PgStatement.java:329)
	at app//org.postgresql.jdbc.PgStatement.executeCachedSql(PgStatement.java:315)
	at app//org.postgresql.jdbc.PgStatement.executeWithFlags(PgStatement.java:291)
	at app//org.postgresql.jdbc.PgStatement.execute(PgStatement.java:286)
	at app//com.zaxxer.hikari.pool.ProxyStatement.execute(ProxyStatement.java:94)
	at app//com.zaxxer.hikari.pool.HikariProxyStatement.execute(HikariProxyStatement.java)
	at app//org.flywaydb.core.internal.jdbc.JdbcTemplate.executeStatement(JdbcTemplate.java:244)
	at app//org.flywaydb.core.internal.sqlscript.ParsedSqlStatement.execute(ParsedSqlStatement.java:111)
	at app//org.flywaydb.core.internal.sqlscript.DefaultSqlScriptExecutor.executeStatement(DefaultSqlScriptExecutor.java:207)
	... 109 more
</pre>
</span>
</div>
</div>
<div id="tab1" class="tab">
<h2>Tests</h2>
<table>
<thead>
<tr>
<th>Test</th>
<th>Duration</th>
<th>Result</th>
</tr>
</thead>
<tr>
<td class="failures">initializationError</td>
<td class="failures">0s</td>
<td class="failures">failed</td>
</tr>
</table>
</div>
<div id="tab2" class="tab">
<h2>Standard output</h2>
<span class="code">
<pre>17:06:40,104 |-INFO in ch.qos.logback.classic.LoggerContext[default] - This is logback-classic version 1.4.3
17:06:40,120 |-INFO in ch.qos.logback.classic.LoggerContext[default] - Could NOT find resource [logback-test.xml]
17:06:40,120 |-INFO in ch.qos.logback.classic.LoggerContext[default] - Found resource [logback.xml] at [jar:file:/Users/rannveig/.gradle/caches/modules-2/files-2.1/com.github.navikt/rapids-and-rivers/2022100711511665136276.49acbaae4ed4/b3e4c26c65d2ed495a51fbb4a182afc4d5b1772a/rapids-and-rivers-2022100711511665136276.49acbaae4ed4.jar!/logback.xml]
17:06:40,125 |-INFO in ch.qos.logback.core.joran.spi.ConfigurationWatchList@d8d9199 - URL [jar:file:/Users/rannveig/.gradle/caches/modules-2/files-2.1/com.github.navikt/rapids-and-rivers/2022100711511665136276.49acbaae4ed4/b3e4c26c65d2ed495a51fbb4a182afc4d5b1772a/rapids-and-rivers-2022100711511665136276.49acbaae4ed4.jar!/logback.xml] is not of type file
17:06:40,180 |-INFO in ch.qos.logback.core.model.processor.AppenderModelHandler - Processing appender named [STDOUT_JSON]
17:06:40,181 |-INFO in ch.qos.logback.core.model.processor.AppenderModelHandler - About to instantiate appender of type [ch.qos.logback.core.ConsoleAppender]
17:06:40,494 |-INFO in ch.qos.logback.core.model.processor.AppenderModelHandler - Processing appender named [secureLog]
17:06:40,494 |-INFO in ch.qos.logback.core.model.processor.AppenderModelHandler - About to instantiate appender of type [ch.qos.logback.core.rolling.RollingFileAppender]
17:06:40,502 |-INFO in ch.qos.logback.core.rolling.FixedWindowRollingPolicy@3901f6af - No compression will be used
17:06:40,505 |-INFO in ch.qos.logback.core.rolling.RollingFileAppender[secureLog] - Active log file name: /secure-logs/secure.log
17:06:40,505 |-INFO in ch.qos.logback.core.rolling.RollingFileAppender[secureLog] - File property is set to [/secure-logs/secure.log]
17:06:40,506 |-ERROR in ch.qos.logback.core.rolling.RollingFileAppender[secureLog] - Failed to create parent directories for [/secure-logs/secure.log]
17:06:40,508 |-ERROR in ch.qos.logback.core.rolling.RollingFileAppender[secureLog] - openFile(/secure-logs/secure.log,true) call failed. java.io.FileNotFoundException: /secure-logs/secure.log (No such file or directory)
	at java.io.FileNotFoundException: /secure-logs/secure.log (No such file or directory)
	at 	at java.base/java.io.FileOutputStream.open0(Native Method)
	at 	at java.base/java.io.FileOutputStream.open(FileOutputStream.java:293)
	at 	at java.base/java.io.FileOutputStream.&lt;init&gt;(FileOutputStream.java:235)
	at 	at ch.qos.logback.core.recovery.ResilientFileOutputStream.&lt;init&gt;(ResilientFileOutputStream.java:26)
	at 	at ch.qos.logback.core.FileAppender.openFile(FileAppender.java:206)
	at 	at ch.qos.logback.core.FileAppender.start(FileAppender.java:126)
	at 	at ch.qos.logback.core.rolling.RollingFileAppender.start(RollingFileAppender.java:100)
	at 	at ch.qos.logback.core.model.processor.AppenderModelHandler.postHandle(AppenderModelHandler.java:84)
	at 	at ch.qos.logback.core.model.processor.DefaultProcessor.secondPhaseTraverse(DefaultProcessor.java:257)
	at 	at ch.qos.logback.core.model.processor.DefaultProcessor.secondPhaseTraverse(DefaultProcessor.java:253)
	at 	at ch.qos.logback.core.model.processor.DefaultProcessor.traversalLoop(DefaultProcessor.java:90)
	at 	at ch.qos.logback.core.model.processor.DefaultProcessor.process(DefaultProcessor.java:106)
	at 	at ch.qos.logback.core.joran.GenericXMLConfigurator.processModel(GenericXMLConfigurator.java:200)
	at 	at ch.qos.logback.core.joran.GenericXMLConfigurator.doConfigure(GenericXMLConfigurator.java:166)
	at 	at ch.qos.logback.core.joran.GenericXMLConfigurator.doConfigure(GenericXMLConfigurator.java:122)
	at 	at ch.qos.logback.core.joran.GenericXMLConfigurator.doConfigure(GenericXMLConfigurator.java:65)
	at 	at ch.qos.logback.classic.util.DefaultJoranConfigurator.configureByResource(DefaultJoranConfigurator.java:53)
	at 	at ch.qos.logback.classic.util.DefaultJoranConfigurator.configure(DefaultJoranConfigurator.java:34)
	at 	at ch.qos.logback.classic.util.ContextInitializer.autoConfig(ContextInitializer.java:98)
	at 	at ch.qos.logback.classic.util.ContextInitializer.autoConfig(ContextInitializer.java:77)
	at 	at ch.qos.logback.classic.spi.LogbackServiceProvider.initializeLoggerContext(LogbackServiceProvider.java:50)
	at 	at ch.qos.logback.classic.spi.LogbackServiceProvider.initialize(LogbackServiceProvider.java:41)
	at 	at org.slf4j.LoggerFactory.bind(LoggerFactory.java:152)
	at 	at org.slf4j.LoggerFactory.performInitialization(LoggerFactory.java:139)
	at 	at org.slf4j.LoggerFactory.getProvider(LoggerFactory.java:422)
	at 	at org.slf4j.LoggerFactory.getILoggerFactory(LoggerFactory.java:408)
	at 	at org.slf4j.LoggerFactory.getLogger(LoggerFactory.java:357)
	at 	at org.slf4j.LoggerFactory.getLogger(LoggerFactory.java:383)
	at 	at org.testcontainers.DockerClientFactory.&lt;clinit&gt;(DockerClientFactory.java:54)
	at 	at org.testcontainers.containers.GenericContainer.&lt;init&gt;(GenericContainer.java:198)
	at 	at org.testcontainers.containers.JdbcDatabaseContainer.&lt;init&gt;(JdbcDatabaseContainer.java:56)
	at 	at org.testcontainers.containers.PostgreSQLContainer.&lt;init&gt;(PostgreSQLContainer.java:50)
	at 	at org.testcontainers.containers.PostgreSQLContainer.&lt;init&gt;(PostgreSQLContainer.java:46)
	at 	at LocalPostgresDatabase.&lt;init&gt;(LocalPostgresDatabase.kt:11)
	at 	at LocalPostgresDatabase.&lt;init&gt;(LocalPostgresDatabase.kt)
	at 	at LocalPostgresDatabase$Companion$instance$2.invoke(LocalPostgresDatabase.kt:15)
	at 	at LocalPostgresDatabase$Companion$instance$2.invoke(LocalPostgresDatabase.kt:14)
	at 	at kotlin.SynchronizedLazyImpl.getValue(LazyJVM.kt:74)
	at 	at LocalPostgresDatabase$Companion.getInstance(LocalPostgresDatabase.kt:14)
	at 	at LocalPostgresDatabase$Companion.cleanDb(LocalPostgresDatabase.kt:21)
	at 	at no.nav.tms.utkast.database.UtkastRepositoryTest.&lt;init&gt;(UtkastRepositoryTest.kt:11)
	at 	at java.base/jdk.internal.reflect.NativeConstructorAccessorImpl.newInstance0(Native Method)
	at 	at java.base/jdk.internal.reflect.NativeConstructorAccessorImpl.newInstance(NativeConstructorAccessorImpl.java:77)
	at 	at java.base/jdk.internal.reflect.DelegatingConstructorAccessorImpl.newInstance(DelegatingConstructorAccessorImpl.java:45)
	at 	at java.base/java.lang.reflect.Constructor.newInstanceWithCaller(Constructor.java:499)
	at 	at java.base/java.lang.reflect.Constructor.newInstance(Constructor.java:480)
	at 	at org.junit.platform.commons.util.ReflectionUtils.newInstance(ReflectionUtils.java:511)
	at 	at org.junit.jupiter.engine.execution.ConstructorInvocation.proceed(ConstructorInvocation.java:56)
	at 	at org.junit.jupiter.engine.execution.InvocationInterceptorChain$ValidatingInvocation.proceed(InvocationInterceptorChain.java:131)
	at 	at org.junit.jupiter.api.extension.InvocationInterceptor.interceptTestClassConstructor(InvocationInterceptor.java:72)
	at 	at org.junit.jupiter.engine.execution.ExecutableInvoker.lambda$invoke$0(ExecutableInvoker.java:105)
	at 	at org.junit.jupiter.engine.execution.InvocationInterceptorChain$InterceptedInvocation.proceed(InvocationInterceptorChain.java:106)
	at 	at org.junit.jupiter.engine.execution.InvocationInterceptorChain.proceed(InvocationInterceptorChain.java:64)
	at 	at org.junit.jupiter.engine.execution.InvocationInterceptorChain.chainAndInvoke(InvocationInterceptorChain.java:45)
	at 	at org.junit.jupiter.engine.execution.InvocationInterceptorChain.invoke(InvocationInterceptorChain.java:37)
	at 	at org.junit.jupiter.engine.execution.ExecutableInvoker.invoke(ExecutableInvoker.java:104)
	at 	at org.junit.jupiter.engine.execution.ExecutableInvoker.invoke(ExecutableInvoker.java:77)
	at 	at org.junit.jupiter.engine.descriptor.ClassBasedTestDescriptor.invokeTestClassConstructor(ClassBasedTestDescriptor.java:333)
	at 	at org.junit.jupiter.engine.descriptor.ClassBasedTestDescriptor.instantiateTestClass(ClassBasedTestDescriptor.java:280)
	at 	at org.junit.jupiter.engine.descriptor.ClassTestDescriptor.instantiateTestClass(ClassTestDescriptor.java:77)
	at 	at org.junit.jupiter.engine.descriptor.ClassBasedTestDescriptor.instantiateAndPostProcessTestInstance(ClassBasedTestDescriptor.java:262)
	at 	at org.junit.jupiter.engine.descriptor.ClassBasedTestDescriptor.lambda$testInstancesProvider$2(ClassBasedTestDescriptor.java:256)
	at 	at java.base/java.util.Optional.orElseGet(Optional.java:364)
	at 	at org.junit.jupiter.engine.descriptor.ClassBasedTestDescriptor.lambda$testInstancesProvider$3(ClassBasedTestDescriptor.java:255)
	at 	at org.junit.jupiter.engine.execution.TestInstancesProvider.getTestInstances(TestInstancesProvider.java:29)
	at 	at org.junit.jupiter.engine.descriptor.ClassBasedTestDescriptor.lambda$before$0(ClassBasedTestDescriptor.java:184)
	at 	at org.junit.platform.engine.support.hierarchical.ThrowableCollector.execute(ThrowableCollector.java:73)
	at 	at org.junit.jupiter.engine.descriptor.ClassBasedTestDescriptor.before(ClassBasedTestDescriptor.java:183)
	at 	at org.junit.jupiter.engine.descriptor.ClassBasedTestDescriptor.before(ClassBasedTestDescriptor.java:78)
	at 	at org.junit.platform.engine.support.hierarchical.NodeTestTask.lambda$executeRecursively$5(NodeTestTask.java:132)
	at 	at org.junit.platform.engine.support.hierarchical.ThrowableCollector.execute(ThrowableCollector.java:73)
	at 	at org.junit.platform.engine.support.hierarchical.NodeTestTask.lambda$executeRecursively$7(NodeTestTask.java:125)
	at 	at org.junit.platform.engine.support.hierarchical.Node.around(Node.java:135)
	at 	at org.junit.platform.engine.support.hierarchical.NodeTestTask.lambda$executeRecursively$8(NodeTestTask.java:123)
	at 	at org.junit.platform.engine.support.hierarchical.ThrowableCollector.execute(ThrowableCollector.java:73)
	at 	at org.junit.platform.engine.support.hierarchical.NodeTestTask.executeRecursively(NodeTestTask.java:122)
	at 	at org.junit.platform.engine.support.hierarchical.NodeTestTask.execute(NodeTestTask.java:80)
	at 	at java.base/java.util.ArrayList.forEach(ArrayList.java:1511)
	at 	at org.junit.platform.engine.support.hierarchical.SameThreadHierarchicalTestExecutorService.invokeAll(SameThreadHierarchicalTestExecutorService.java:38)
	at 	at org.junit.platform.engine.support.hierarchical.NodeTestTask.lambda$executeRecursively$5(NodeTestTask.java:139)
	at 	at org.junit.platform.engine.support.hierarchical.ThrowableCollector.execute(ThrowableCollector.java:73)
	at 	at org.junit.platform.engine.support.hierarchical.NodeTestTask.lambda$executeRecursively$7(NodeTestTask.java:125)
	at 	at org.junit.platform.engine.support.hierarchical.Node.around(Node.java:135)
	at 	at org.junit.platform.engine.support.hierarchical.NodeTestTask.lambda$executeRecursively$8(NodeTestTask.java:123)
	at 	at org.junit.platform.engine.support.hierarchical.ThrowableCollector.execute(ThrowableCollector.java:73)
	at 	at org.junit.platform.engine.support.hierarchical.NodeTestTask.executeRecursively(NodeTestTask.java:122)
	at 	at org.junit.platform.engine.support.hierarchical.NodeTestTask.execute(NodeTestTask.java:80)
	at 	at org.junit.platform.engine.support.hierarchical.SameThreadHierarchicalTestExecutorService.submit(SameThreadHierarchicalTestExecutorService.java:32)
	at 	at org.junit.platform.engine.support.hierarchical.HierarchicalTestExecutor.execute(HierarchicalTestExecutor.java:57)
	at 	at org.junit.platform.engine.support.hierarchical.HierarchicalTestEngine.execute(HierarchicalTestEngine.java:51)
	at 	at org.junit.platform.launcher.core.DefaultLauncher.execute(DefaultLauncher.java:248)
	at 	at org.junit.platform.launcher.core.DefaultLauncher.lambda$execute$5(DefaultLauncher.java:211)
	at 	at org.junit.platform.launcher.core.DefaultLauncher.withInterceptedStreams(DefaultLauncher.java:226)
	at 	at org.junit.platform.launcher.core.DefaultLauncher.execute(DefaultLauncher.java:199)
	at 	at org.junit.platform.launcher.core.DefaultLauncher.execute(DefaultLauncher.java:132)
	at 	at org.gradle.api.internal.tasks.testing.junitplatform.JUnitPlatformTestClassProcessor$CollectAllTestClassesExecutor.processAllTestClasses(JUnitPlatformTestClassProcessor.java:99)
	at 	at org.gradle.api.internal.tasks.testing.junitplatform.JUnitPlatformTestClassProcessor$CollectAllTestClassesExecutor.access$000(JUnitPlatformTestClassProcessor.java:79)
	at 	at org.gradle.api.internal.tasks.testing.junitplatform.JUnitPlatformTestClassProcessor.stop(JUnitPlatformTestClassProcessor.java:75)
	at 	at org.gradle.api.internal.tasks.testing.SuiteTestClassProcessor.stop(SuiteTestClassProcessor.java:61)
	at 	at java.base/jdk.internal.reflect.NativeMethodAccessorImpl.invoke0(Native Method)
	at 	at java.base/jdk.internal.reflect.NativeMethodAccessorImpl.invoke(NativeMethodAccessorImpl.java:77)
	at 	at java.base/jdk.internal.reflect.DelegatingMethodAccessorImpl.invoke(DelegatingMethodAccessorImpl.java:43)
	at 	at java.base/java.lang.reflect.Method.invoke(Method.java:568)
	at 	at org.gradle.internal.dispatch.ReflectionDispatch.dispatch(ReflectionDispatch.java:36)
	at 	at org.gradle.internal.dispatch.ReflectionDispatch.dispatch(ReflectionDispatch.java:24)
	at 	at org.gradle.internal.dispatch.ContextClassLoaderDispatch.dispatch(ContextClassLoaderDispatch.java:33)
	at 	at org.gradle.internal.dispatch.ProxyDispatchAdapter$DispatchingInvocationHandler.invoke(ProxyDispatchAdapter.java:94)
	at 	at jdk.proxy1/jdk.proxy1.$Proxy2.stop(Unknown Source)
	at 	at org.gradle.api.internal.tasks.testing.worker.TestWorker$3.run(TestWorker.java:193)
	at 	at org.gradle.api.internal.tasks.testing.worker.TestWorker.executeAndMaintainThreadName(TestWorker.java:129)
	at 	at org.gradle.api.internal.tasks.testing.worker.TestWorker.execute(TestWorker.java:100)
	at 	at org.gradle.api.internal.tasks.testing.worker.TestWorker.execute(TestWorker.java:60)
	at 	at org.gradle.process.internal.worker.child.ActionExecutionWorker.execute(ActionExecutionWorker.java:56)
	at 	at org.gradle.process.internal.worker.child.SystemApplicationClassLoaderWorker.call(SystemApplicationClassLoaderWorker.java:133)
	at 	at org.gradle.process.internal.worker.child.SystemApplicationClassLoaderWorker.call(SystemApplicationClassLoaderWorker.java:71)
	at 	at worker.org.gradle.process.internal.worker.GradleWorkerMain.run(GradleWorkerMain.java:69)
	at 	at worker.org.gradle.process.internal.worker.GradleWorkerMain.main(GradleWorkerMain.java:74)
17:06:40,509 |-INFO in ch.qos.logback.classic.model.processor.LoggerModelHandler - Setting level of logger [no.nav.helse.rapids_rivers] to DEBUG
17:06:40,509 |-INFO in ch.qos.logback.classic.model.processor.LoggerModelHandler - Setting level of logger [tjenestekall] to DEBUG
17:06:40,509 |-INFO in ch.qos.logback.classic.model.processor.LoggerModelHandler - Setting additivity of logger [tjenestekall] to false
17:06:40,509 |-INFO in ch.qos.logback.core.model.processor.AppenderRefModelHandler - Attaching appender named [secureLog] to Logger[tjenestekall]
17:06:40,509 |-INFO in ch.qos.logback.classic.model.processor.RootLoggerModelHandler - Setting level of ROOT logger to INFO
17:06:40,510 |-INFO in ch.qos.logback.core.model.processor.AppenderRefModelHandler - Attaching appender named [STDOUT_JSON] to Logger[ROOT]
17:06:40,510 |-INFO in ch.qos.logback.core.model.processor.DefaultProcessor@47af099e - End of configuration.
17:06:40,510 |-INFO in ch.qos.logback.classic.joran.JoranConfigurator@700f518a - Registering current configuration as safe fallback point

{&quot;@timestamp&quot;:&quot;2022-11-14T17:06:40.545+01:00&quot;,&quot;@version&quot;:&quot;1&quot;,&quot;message&quot;:&quot;Loaded org.testcontainers.dockerclient.UnixSocketClientProviderStrategy from ~/.testcontainers.properties, will try it first&quot;,&quot;logger_name&quot;:&quot;org.testcontainers.dockerclient.DockerClientProviderStrategy&quot;,&quot;thread_name&quot;:&quot;Test worker&quot;,&quot;level&quot;:&quot;INFO&quot;,&quot;level_value&quot;:20000}
{&quot;@timestamp&quot;:&quot;2022-11-14T17:06:40.814+01:00&quot;,&quot;@version&quot;:&quot;1&quot;,&quot;message&quot;:&quot;Found Docker environment with local Unix socket (unix:///var/run/docker.sock)&quot;,&quot;logger_name&quot;:&quot;org.testcontainers.dockerclient.DockerClientProviderStrategy&quot;,&quot;thread_name&quot;:&quot;Test worker&quot;,&quot;level&quot;:&quot;INFO&quot;,&quot;level_value&quot;:20000}
{&quot;@timestamp&quot;:&quot;2022-11-14T17:06:40.815+01:00&quot;,&quot;@version&quot;:&quot;1&quot;,&quot;message&quot;:&quot;Docker host IP address is localhost&quot;,&quot;logger_name&quot;:&quot;org.testcontainers.DockerClientFactory&quot;,&quot;thread_name&quot;:&quot;Test worker&quot;,&quot;level&quot;:&quot;INFO&quot;,&quot;level_value&quot;:20000}
{&quot;@timestamp&quot;:&quot;2022-11-14T17:06:40.858+01:00&quot;,&quot;@version&quot;:&quot;1&quot;,&quot;message&quot;:&quot;Connected to docker: \n  Server Version: 20.10.10\n  API Version: 1.41\n  Operating System: Docker Desktop\n  Total Memory: 1985 MB&quot;,&quot;logger_name&quot;:&quot;org.testcontainers.DockerClientFactory&quot;,&quot;thread_name&quot;:&quot;Test worker&quot;,&quot;level&quot;:&quot;INFO&quot;,&quot;level_value&quot;:20000}
{&quot;@timestamp&quot;:&quot;2022-11-14T17:06:40.859+01:00&quot;,&quot;@version&quot;:&quot;1&quot;,&quot;message&quot;:&quot;Image name substitution will be performed by: DefaultImageNameSubstitutor (composite of 'ConfigurationFileImageNameSubstitutor' and 'PrefixingImageNameSubstitutor')&quot;,&quot;logger_name&quot;:&quot;org.testcontainers.utility.ImageNameSubstitutor&quot;,&quot;thread_name&quot;:&quot;Test worker&quot;,&quot;level&quot;:&quot;INFO&quot;,&quot;level_value&quot;:20000}
{&quot;@timestamp&quot;:&quot;2022-11-14T17:06:41.226+01:00&quot;,&quot;@version&quot;:&quot;1&quot;,&quot;message&quot;:&quot;Credential helper/store (docker-credential-desktop) does not have credentials for index.docker.io&quot;,&quot;logger_name&quot;:&quot;org.testcontainers.utility.RegistryAuthLocator&quot;,&quot;thread_name&quot;:&quot;Test worker&quot;,&quot;level&quot;:&quot;INFO&quot;,&quot;level_value&quot;:20000}
{&quot;@timestamp&quot;:&quot;2022-11-14T17:06:41.972+01:00&quot;,&quot;@version&quot;:&quot;1&quot;,&quot;message&quot;:&quot;Ryuk started - will monitor and terminate Testcontainers containers on JVM exit&quot;,&quot;logger_name&quot;:&quot;org.testcontainers.DockerClientFactory&quot;,&quot;thread_name&quot;:&quot;Test worker&quot;,&quot;level&quot;:&quot;INFO&quot;,&quot;level_value&quot;:20000}
{&quot;@timestamp&quot;:&quot;2022-11-14T17:06:41.973+01:00&quot;,&quot;@version&quot;:&quot;1&quot;,&quot;message&quot;:&quot;Checking the system...&quot;,&quot;logger_name&quot;:&quot;org.testcontainers.DockerClientFactory&quot;,&quot;thread_name&quot;:&quot;Test worker&quot;,&quot;level&quot;:&quot;INFO&quot;,&quot;level_value&quot;:20000}
{&quot;@timestamp&quot;:&quot;2022-11-14T17:06:41.973+01:00&quot;,&quot;@version&quot;:&quot;1&quot;,&quot;message&quot;:&quot;✔︎ Docker server version should be at least 1.6.0&quot;,&quot;logger_name&quot;:&quot;org.testcontainers.DockerClientFactory&quot;,&quot;thread_name&quot;:&quot;Test worker&quot;,&quot;level&quot;:&quot;INFO&quot;,&quot;level_value&quot;:20000}
{&quot;@timestamp&quot;:&quot;2022-11-14T17:06:42.11+01:00&quot;,&quot;@version&quot;:&quot;1&quot;,&quot;message&quot;:&quot;✔︎ Docker environment should have more than 2GB free disk space&quot;,&quot;logger_name&quot;:&quot;org.testcontainers.DockerClientFactory&quot;,&quot;thread_name&quot;:&quot;Test worker&quot;,&quot;level&quot;:&quot;INFO&quot;,&quot;level_value&quot;:20000}
{&quot;@timestamp&quot;:&quot;2022-11-14T17:06:42.182+01:00&quot;,&quot;@version&quot;:&quot;1&quot;,&quot;message&quot;:&quot;Creating container for image: postgres:12.6&quot;,&quot;logger_name&quot;:&quot;\uD83D\uDC33 [postgres:12.6]&quot;,&quot;thread_name&quot;:&quot;Test worker&quot;,&quot;level&quot;:&quot;INFO&quot;,&quot;level_value&quot;:20000}
{&quot;@timestamp&quot;:&quot;2022-11-14T17:06:42.264+01:00&quot;,&quot;@version&quot;:&quot;1&quot;,&quot;message&quot;:&quot;Starting container with ID: 0063f608823fa3fd77d14a3c9665a08495d96014501c06788cff0a812bfe328f&quot;,&quot;logger_name&quot;:&quot;\uD83D\uDC33 [postgres:12.6]&quot;,&quot;thread_name&quot;:&quot;Test worker&quot;,&quot;level&quot;:&quot;INFO&quot;,&quot;level_value&quot;:20000}
{&quot;@timestamp&quot;:&quot;2022-11-14T17:06:42.654+01:00&quot;,&quot;@version&quot;:&quot;1&quot;,&quot;message&quot;:&quot;Container postgres:12.6 is starting: 0063f608823fa3fd77d14a3c9665a08495d96014501c06788cff0a812bfe328f&quot;,&quot;logger_name&quot;:&quot;\uD83D\uDC33 [postgres:12.6]&quot;,&quot;thread_name&quot;:&quot;Test worker&quot;,&quot;level&quot;:&quot;INFO&quot;,&quot;level_value&quot;:20000}
{&quot;@timestamp&quot;:&quot;2022-11-14T17:06:44.067+01:00&quot;,&quot;@version&quot;:&quot;1&quot;,&quot;message&quot;:&quot;Container postgres:12.6 started in PT1.95628S&quot;,&quot;logger_name&quot;:&quot;\uD83D\uDC33 [postgres:12.6]&quot;,&quot;thread_name&quot;:&quot;Test worker&quot;,&quot;level&quot;:&quot;INFO&quot;,&quot;level_value&quot;:20000}
{&quot;@timestamp&quot;:&quot;2022-11-14T17:06:44.078+01:00&quot;,&quot;@version&quot;:&quot;1&quot;,&quot;message&quot;:&quot;Flyway Community Edition 6.5.7 by Redgate&quot;,&quot;logger_name&quot;:&quot;org.flywaydb.core.internal.license.VersionPrinter&quot;,&quot;thread_name&quot;:&quot;Test worker&quot;,&quot;level&quot;:&quot;INFO&quot;,&quot;level_value&quot;:20000}
{&quot;@timestamp&quot;:&quot;2022-11-14T17:06:44.082+01:00&quot;,&quot;@version&quot;:&quot;1&quot;,&quot;message&quot;:&quot;HikariPool-1 - Starting...&quot;,&quot;logger_name&quot;:&quot;com.zaxxer.hikari.HikariDataSource&quot;,&quot;thread_name&quot;:&quot;Test worker&quot;,&quot;level&quot;:&quot;INFO&quot;,&quot;level_value&quot;:20000}
{&quot;@timestamp&quot;:&quot;2022-11-14T17:06:44.158+01:00&quot;,&quot;@version&quot;:&quot;1&quot;,&quot;message&quot;:&quot;HikariPool-1 - Start completed.&quot;,&quot;logger_name&quot;:&quot;com.zaxxer.hikari.HikariDataSource&quot;,&quot;thread_name&quot;:&quot;Test worker&quot;,&quot;level&quot;:&quot;INFO&quot;,&quot;level_value&quot;:20000}
{&quot;@timestamp&quot;:&quot;2022-11-14T17:06:44.179+01:00&quot;,&quot;@version&quot;:&quot;1&quot;,&quot;message&quot;:&quot;Database: jdbc:postgresql://localhost:50097/test (PostgreSQL 12.6)&quot;,&quot;logger_name&quot;:&quot;org.flywaydb.core.internal.database.DatabaseFactory&quot;,&quot;thread_name&quot;:&quot;Test worker&quot;,&quot;level&quot;:&quot;INFO&quot;,&quot;level_value&quot;:20000}
{&quot;@timestamp&quot;:&quot;2022-11-14T17:06:44.225+01:00&quot;,&quot;@version&quot;:&quot;1&quot;,&quot;message&quot;:&quot;Successfully validated 1 migration (execution time 00:00.016s)&quot;,&quot;logger_name&quot;:&quot;org.flywaydb.core.internal.command.DbValidate&quot;,&quot;thread_name&quot;:&quot;Test worker&quot;,&quot;level&quot;:&quot;INFO&quot;,&quot;level_value&quot;:20000}
{&quot;@timestamp&quot;:&quot;2022-11-14T17:06:44.246+01:00&quot;,&quot;@version&quot;:&quot;1&quot;,&quot;message&quot;:&quot;Creating Schema History table \&quot;public\&quot;.\&quot;flyway_schema_history\&quot; ...&quot;,&quot;logger_name&quot;:&quot;org.flywaydb.core.internal.schemahistory.JdbcTableSchemaHistory&quot;,&quot;thread_name&quot;:&quot;Test worker&quot;,&quot;level&quot;:&quot;INFO&quot;,&quot;level_value&quot;:20000}
{&quot;@timestamp&quot;:&quot;2022-11-14T17:06:44.283+01:00&quot;,&quot;@version&quot;:&quot;1&quot;,&quot;message&quot;:&quot;Current version of schema \&quot;public\&quot;: &lt;&lt; Empty Schema &gt;&gt;&quot;,&quot;logger_name&quot;:&quot;org.flywaydb.core.internal.command.DbMigrate&quot;,&quot;thread_name&quot;:&quot;Test worker&quot;,&quot;level&quot;:&quot;INFO&quot;,&quot;level_value&quot;:20000}
{&quot;@timestamp&quot;:&quot;2022-11-14T17:06:44.291+01:00&quot;,&quot;@version&quot;:&quot;1&quot;,&quot;message&quot;:&quot;Migrating schema \&quot;public\&quot; to version 1.0.0 - utkast baseline&quot;,&quot;logger_name&quot;:&quot;org.flywaydb.core.internal.command.DbMigrate&quot;,&quot;thread_name&quot;:&quot;Test worker&quot;,&quot;level&quot;:&quot;INFO&quot;,&quot;level_value&quot;:20000}
{&quot;@timestamp&quot;:&quot;2022-11-14T17:06:44.307+01:00&quot;,&quot;@version&quot;:&quot;1&quot;,&quot;message&quot;:&quot;Migration of schema \&quot;public\&quot; to version 1.0.0 - utkast baseline failed! Changes successfully rolled back.&quot;,&quot;logger_name&quot;:&quot;org.flywaydb.core.internal.command.DbMigrate&quot;,&quot;thread_name&quot;:&quot;Test worker&quot;,&quot;level&quot;:&quot;ERROR&quot;,&quot;level_value&quot;:40000}
</pre>
</span>
</div>
</div>
<div id="footer">
<p>
<div>
<label class="hidden" id="label-for-line-wrapping-toggle" for="line-wrapping-toggle">Wrap lines
<input id="line-wrapping-toggle" type="checkbox" autocomplete="off"/>
</label>
</div>Generated by 
<a href="http://www.gradle.org">Gradle 7.4</a> at 14 Nov 2022, 17:06:44</p>
</div>
</div>
</body>
</html>
